<?xml-stylesheet type="text/xsl" href="xml2js.xslt"?>
<root>This is a test</root>